/scratch/1045707
'/scistor/tc/ehc732/threshold_variation/run_cluster_luna/tv_luna.py' -> '/scratch/1045707/tv_luna.py'
'/scistor/tc/ehc732/threshold_variation/geometry' -> '/scratch/1045707/geometry'
'/scistor/tc/ehc732/threshold_variation/geometry/benzene.xyz' -> '/scratch/1045707/geometry/benzene.xyz'
'/scistor/tc/ehc732/threshold_variation/geometry/pyridine.xyz' -> '/scratch/1045707/geometry/pyridine.xyz'
PLAMS working folder: /scratch/1045707/plams_workdir
  Atoms: 
    1         C      -0.000000       0.000000       0.000000
    2         C       0.000000       0.000000      -2.797604
    3         C       0.000000       1.211398      -0.699401
    4         C      -0.000000      -1.211398      -0.699401
    5         C      -0.000000      -1.211398      -2.098203
    6         C       0.000000       1.211398      -2.098203
    7         H      -0.000000       0.000000       1.091289
    8         H      -0.000000      -2.156482      -0.153757
    9         H      -0.000000      -2.156482      -2.643848
   10         H       0.000000       0.000000      -3.888893
   11         H       0.000000       2.156482      -2.643848
   12         H       0.000000       2.156482      -0.153757

[07.06|22:22:25] JOB fragment_1 STARTED
[07.06|22:22:25] JOB fragment_1 RUNNING
