/scratch/1045696
'/scistor/tc/kbi163/threshold_variation/run_cluster_christine/tv_christine.py' -> '/scratch/1045696/tv_christine.py'
'/scistor/tc/kbi163/threshold_variation/geometry' -> '/scratch/1045696/geometry'
'/scistor/tc/kbi163/threshold_variation/geometry/benzene.xyz' -> '/scratch/1045696/geometry/benzene.xyz'
'/scistor/tc/kbi163/threshold_variation/geometry/ethylene.xyz' -> '/scratch/1045696/geometry/ethylene.xyz'
'/scistor/tc/kbi163/threshold_variation/geometry/pyridine.xyz' -> '/scratch/1045696/geometry/pyridine.xyz'
PLAMS working folder: /scratch/1045696/plams_workdir
  Atoms: 
    1         C       0.654135       0.126134       0.030228
    2         C      -0.654135      -0.126134      -0.030228
    3         H      -1.395752       0.666556       0.086105
    4         H       1.035161       1.135297       0.198437
    5         H       1.395752      -0.666556      -0.086105
    6         H      -1.035161      -1.135297      -0.198437

[07.06|21:38:35] JOB fragment_1 STARTED
[07.06|21:38:35] JOB fragment_1 RUNNING
[07.06|21:40:14] JOB fragment_1 FINISHED
[07.06|21:40:15] JOB fragment_1 SUCCESSFUL
[07.06|21:40:15] JOB frag2_3.00 STARTED
[07.06|21:40:15] JOB frag2_3.00 RUNNING
[07.06|21:41:53] JOB frag2_3.00 FINISHED
[07.06|21:41:53] JOB frag2_3.00 SUCCESSFUL
  Atoms: 
    1         C       0.654135       0.126134       0.030228
    2         C      -0.654135      -0.126134      -0.030228
    3         H      -1.395752       0.666556       0.086105
    4         H       1.035161       1.135297       0.198437
    5         H       1.395752      -0.666556      -0.086105
    6         H      -1.035161      -1.135297      -0.198437
    7         C       3.654135      -0.126134      -0.030228
    8         C       2.345865       0.126134       0.030228
    9         H       1.604248      -0.666556      -0.086105
   10         H       4.035161      -1.135297      -0.198437
   11         H       4.395752       0.666556       0.086105
   12         H       1.964839       1.135297       0.198437

[07.06|21:41:53] JOB sm_fragments STARTED
[07.06|21:41:53] JOB sm_fragments RUNNING
[07.06|21:42:05] WARNING: Job sm_fragments finished with nonzero return code
[07.06|21:42:05] JOB sm_fragments CRASHED
[07.06|21:42:05] Error message for job sm_fragments was:
	Input error: unrecognized entry "ExcitonTransfer%additional_virtuals_cutoff" found in line 2
'plams_workdir_ethylene_2.0_15.0/logfile' -> '/scistor/tc/kbi163/threshold_output/workdirs/ethylene/2.0/plams_workdir_ethylene_2.0_15.0/logfile'
'plams_workdir_ethylene_2.0_15.0/fragment_1/fragment_1.in' -> '/scistor/tc/kbi163/threshold_output/workdirs/ethylene/2.0/plams_workdir_ethylene_2.0_15.0/fragment_1/fragment_1.in'
'plams_workdir_ethylene_2.0_15.0/fragment_1/fragment_1.run' -> '/scistor/tc/kbi163/threshold_output/workdirs/ethylene/2.0/plams_workdir_ethylene_2.0_15.0/fragment_1/fragment_1.run'
'plams_workdir_ethylene_2.0_15.0/fragment_1/fragment_1.err' -> '/scistor/tc/kbi163/threshold_output/workdirs/ethylene/2.0/plams_workdir_ethylene_2.0_15.0/fragment_1/fragment_1.err'
'plams_workdir_ethylene_2.0_15.0/fragment_1/fragment_1.out' -> '/scistor/tc/kbi163/threshold_output/workdirs/ethylene/2.0/plams_workdir_ethylene_2.0_15.0/fragment_1/fragment_1.out'
'plams_workdir_ethylene_2.0_15.0/fragment_1/fragment_1.dill' -> '/scistor/tc/kbi163/threshold_output/workdirs/ethylene/2.0/plams_workdir_ethylene_2.0_15.0/fragment_1/fragment_1.dill'
'plams_workdir_ethylene_2.0_15.0/fragment_1/adf.rkf' -> '/scistor/tc/kbi163/threshold_output/workdirs/ethylene/2.0/plams_workdir_ethylene_2.0_15.0/fragment_1/adf.rkf'
'plams_workdir_ethylene_2.0_15.0/fragment_1/CreateAtoms.out' -> '/scistor/tc/kbi163/threshold_output/workdirs/ethylene/2.0/plams_workdir_ethylene_2.0_15.0/fragment_1/CreateAtoms.out'
'plams_workdir_ethylene_2.0_15.0/fragment_1/TAPE15' -> '/scistor/tc/kbi163/threshold_output/workdirs/ethylene/2.0/plams_workdir_ethylene_2.0_15.0/fragment_1/TAPE15'
'plams_workdir_ethylene_2.0_15.0/fragment_1/t12.rel' -> '/scistor/tc/kbi163/threshold_output/workdirs/ethylene/2.0/plams_workdir_ethylene_2.0_15.0/fragment_1/t12.rel'
'plams_workdir_ethylene_2.0_15.0/fragment_1/ams.log' -> '/scistor/tc/kbi163/threshold_output/workdirs/ethylene/2.0/plams_workdir_ethylene_2.0_15.0/fragment_1/ams.log'
'plams_workdir_ethylene_2.0_15.0/fragment_1/ams.rkf' -> '/scistor/tc/kbi163/threshold_output/workdirs/ethylene/2.0/plams_workdir_ethylene_2.0_15.0/fragment_1/ams.rkf'
'plams_workdir_ethylene_2.0_15.0/fragment_1/t21.7481FE8D.C' -> '/scistor/tc/kbi163/threshold_output/workdirs/ethylene/2.0/plams_workdir_ethylene_2.0_15.0/fragment_1/t21.7481FE8D.C'
'plams_workdir_ethylene_2.0_15.0/fragment_1/t21.1B6EB9F3.H' -> '/scistor/tc/kbi163/threshold_output/workdirs/ethylene/2.0/plams_workdir_ethylene_2.0_15.0/fragment_1/t21.1B6EB9F3.H'
'plams_workdir_ethylene_2.0_15.0/job_logfile.csv' -> '/scistor/tc/kbi163/threshold_output/workdirs/ethylene/2.0/plams_workdir_ethylene_2.0_15.0/job_logfile.csv'
'plams_workdir_ethylene_2.0_15.0/frag2_3.00' -> '/scistor/tc/kbi163/threshold_output/workdirs/ethylene/2.0/plams_workdir_ethylene_2.0_15.0/frag2_3.00'
'plams_workdir_ethylene_2.0_15.0/frag2_3.00/frag2_3.00.in' -> '/scistor/tc/kbi163/threshold_output/workdirs/ethylene/2.0/plams_workdir_ethylene_2.0_15.0/frag2_3.00/frag2_3.00.in'
'plams_workdir_ethylene_2.0_15.0/frag2_3.00/frag2_3.00.run' -> '/scistor/tc/kbi163/threshold_output/workdirs/ethylene/2.0/plams_workdir_ethylene_2.0_15.0/frag2_3.00/frag2_3.00.run'
'plams_workdir_ethylene_2.0_15.0/frag2_3.00/frag2_3.00.err' -> '/scistor/tc/kbi163/threshold_output/workdirs/ethylene/2.0/plams_workdir_ethylene_2.0_15.0/frag2_3.00/frag2_3.00.err'
'plams_workdir_ethylene_2.0_15.0/frag2_3.00/frag2_3.00.out' -> '/scistor/tc/kbi163/threshold_output/workdirs/ethylene/2.0/plams_workdir_ethylene_2.0_15.0/frag2_3.00/frag2_3.00.out'
'plams_workdir_ethylene_2.0_15.0/frag2_3.00/frag2_3.00.dill' -> '/scistor/tc/kbi163/threshold_output/workdirs/ethylene/2.0/plams_workdir_ethylene_2.0_15.0/frag2_3.00/frag2_3.00.dill'
'plams_workdir_ethylene_2.0_15.0/frag2_3.00/CreateAtoms.out' -> '/scistor/tc/kbi163/threshold_output/workdirs/ethylene/2.0/plams_workdir_ethylene_2.0_15.0/frag2_3.00/CreateAtoms.out'
'plams_workdir_ethylene_2.0_15.0/frag2_3.00/TAPE15' -> '/scistor/tc/kbi163/threshold_output/workdirs/ethylene/2.0/plams_workdir_ethylene_2.0_15.0/frag2_3.00/TAPE15'
'plams_workdir_ethylene_2.0_15.0/frag2_3.00/t12.rel' -> '/scistor/tc/kbi163/threshold_output/workdirs/ethylene/2.0/plams_workdir_ethylene_2.0_15.0/frag2_3.00/t12.rel'
'plams_workdir_ethylene_2.0_15.0/frag2_3.00/adf.rkf' -> '/scistor/tc/kbi163/threshold_output/workdirs/ethylene/2.0/plams_workdir_ethylene_2.0_15.0/frag2_3.00/adf.rkf'
'plams_workdir_ethylene_2.0_15.0/frag2_3.00/ams.log' -> '/scistor/tc/kbi163/threshold_output/workdirs/ethylene/2.0/plams_workdir_ethylene_2.0_15.0/frag2_3.00/ams.log'
'plams_workdir_ethylene_2.0_15.0/frag2_3.00/ams.rkf' -> '/scistor/tc/kbi163/threshold_output/workdirs/ethylene/2.0/plams_workdir_ethylene_2.0_15.0/frag2_3.00/ams.rkf'
'plams_workdir_ethylene_2.0_15.0/frag2_3.00/t21.7481FE8D.C' -> '/scistor/tc/kbi163/threshold_output/workdirs/ethylene/2.0/plams_workdir_ethylene_2.0_15.0/frag2_3.00/t21.7481FE8D.C'
'plams_workdir_ethylene_2.0_15.0/frag2_3.00/t21.1B6EB9F3.H' -> '/scistor/tc/kbi163/threshold_output/workdirs/ethylene/2.0/plams_workdir_ethylene_2.0_15.0/frag2_3.00/t21.1B6EB9F3.H'
'plams_workdir_ethylene_2.0_15.0/sm_fragments' -> '/scistor/tc/kbi163/threshold_output/workdirs/ethylene/2.0/plams_workdir_ethylene_2.0_15.0/sm_fragments'
'plams_workdir_ethylene_2.0_15.0/sm_fragments/frag1.rkf' -> '/scistor/tc/kbi163/threshold_output/workdirs/ethylene/2.0/plams_workdir_ethylene_2.0_15.0/sm_fragments/frag1.rkf'
'plams_workdir_ethylene_2.0_15.0/sm_fragments/frag2.rkf' -> '/scistor/tc/kbi163/threshold_output/workdirs/ethylene/2.0/plams_workdir_ethylene_2.0_15.0/sm_fragments/frag2.rkf'
'plams_workdir_ethylene_2.0_15.0/sm_fragments/sm_fragments.in' -> '/scistor/tc/kbi163/threshold_output/workdirs/ethylene/2.0/plams_workdir_ethylene_2.0_15.0/sm_fragments/sm_fragments.in'
'plams_workdir_ethylene_2.0_15.0/sm_fragments/sm_fragments.run' -> '/scistor/tc/kbi163/threshold_output/workdirs/ethylene/2.0/plams_workdir_ethylene_2.0_15.0/sm_fragments/sm_fragments.run'
'plams_workdir_ethylene_2.0_15.0/sm_fragments/sm_fragments.err' -> '/scistor/tc/kbi163/threshold_output/workdirs/ethylene/2.0/plams_workdir_ethylene_2.0_15.0/sm_fragments/sm_fragments.err'
'plams_workdir_ethylene_2.0_15.0/sm_fragments/sm_fragments.out' -> '/scistor/tc/kbi163/threshold_output/workdirs/ethylene/2.0/plams_workdir_ethylene_2.0_15.0/sm_fragments/sm_fragments.out'
'plams_workdir_ethylene_2.0_15.0/sm_fragments/ams.kid12.out' -> '/scistor/tc/kbi163/threshold_output/workdirs/ethylene/2.0/plams_workdir_ethylene_2.0_15.0/sm_fragments/ams.kid12.out'
'plams_workdir_ethylene_2.0_15.0/sm_fragments/ams.kid24.out' -> '/scistor/tc/kbi163/threshold_output/workdirs/ethylene/2.0/plams_workdir_ethylene_2.0_15.0/sm_fragments/ams.kid24.out'
'plams_workdir_ethylene_2.0_15.0/sm_fragments/ams.kid11.out' -> '/scistor/tc/kbi163/threshold_output/workdirs/ethylene/2.0/plams_workdir_ethylene_2.0_15.0/sm_fragments/ams.kid11.out'
'plams_workdir_ethylene_2.0_15.0/sm_fragments/ams.kid25.out' -> '/scistor/tc/kbi163/threshold_output/workdirs/ethylene/2.0/plams_workdir_ethylene_2.0_15.0/sm_fragments/ams.kid25.out'
'plams_workdir_ethylene_2.0_15.0/sm_fragments/ams.kid1.out' -> '/scistor/tc/kbi163/threshold_output/workdirs/ethylene/2.0/plams_workdir_ethylene_2.0_15.0/sm_fragments/ams.kid1.out'
'plams_workdir_ethylene_2.0_15.0/sm_fragments/ams.kid9.out' -> '/scistor/tc/kbi163/threshold_output/workdirs/ethylene/2.0/plams_workdir_ethylene_2.0_15.0/sm_fragments/ams.kid9.out'
'plams_workdir_ethylene_2.0_15.0/sm_fragments/ams.kid6.out' -> '/scistor/tc/kbi163/threshold_output/workdirs/ethylene/2.0/plams_workdir_ethylene_2.0_15.0/sm_fragments/ams.kid6.out'
'plams_workdir_ethylene_2.0_15.0/sm_fragments/ams.kid23.out' -> '/scistor/tc/kbi163/threshold_output/workdirs/ethylene/2.0/plams_workdir_ethylene_2.0_15.0/sm_fragments/ams.kid23.out'
'plams_workdir_ethylene_2.0_15.0/sm_fragments/ams.kid18.out' -> '/scistor/tc/kbi163/threshold_output/workdirs/ethylene/2.0/plams_workdir_ethylene_2.0_15.0/sm_fragments/ams.kid18.out'
'plams_workdir_ethylene_2.0_15.0/sm_fragments/ams.kid22.out' -> '/scistor/tc/kbi163/threshold_output/workdirs/ethylene/2.0/plams_workdir_ethylene_2.0_15.0/sm_fragments/ams.kid22.out'
'plams_workdir_ethylene_2.0_15.0/sm_fragments/ams.kid17.out' -> '/scistor/tc/kbi163/threshold_output/workdirs/ethylene/2.0/plams_workdir_ethylene_2.0_15.0/sm_fragments/ams.kid17.out'
'plams_workdir_ethylene_2.0_15.0/sm_fragments/ams.kid19.out' -> '/scistor/tc/kbi163/threshold_output/workdirs/ethylene/2.0/plams_workdir_ethylene_2.0_15.0/sm_fragments/ams.kid19.out'
'plams_workdir_ethylene_2.0_15.0/sm_fragments/ams.kid16.out' -> '/scistor/tc/kbi163/threshold_output/workdirs/ethylene/2.0/plams_workdir_ethylene_2.0_15.0/sm_fragments/ams.kid16.out'
'plams_workdir_ethylene_2.0_15.0/sm_fragments/ams.kid26.out' -> '/scistor/tc/kbi163/threshold_output/workdirs/ethylene/2.0/plams_workdir_ethylene_2.0_15.0/sm_fragments/ams.kid26.out'
'plams_workdir_ethylene_2.0_15.0/sm_fragments/ams.kid3.out' -> '/scistor/tc/kbi163/threshold_output/workdirs/ethylene/2.0/plams_workdir_ethylene_2.0_15.0/sm_fragments/ams.kid3.out'
'plams_workdir_ethylene_2.0_15.0/sm_fragments/ams.kid7.out' -> '/scistor/tc/kbi163/threshold_output/workdirs/ethylene/2.0/plams_workdir_ethylene_2.0_15.0/sm_fragments/ams.kid7.out'
'plams_workdir_ethylene_2.0_15.0/sm_fragments/ams.kid28.out' -> '/scistor/tc/kbi163/threshold_output/workdirs/ethylene/2.0/plams_workdir_ethylene_2.0_15.0/sm_fragments/ams.kid28.out'
'plams_workdir_ethylene_2.0_15.0/sm_fragments/ams.kid10.out' -> '/scistor/tc/kbi163/threshold_output/workdirs/ethylene/2.0/plams_workdir_ethylene_2.0_15.0/sm_fragments/ams.kid10.out'
'plams_workdir_ethylene_2.0_15.0/sm_fragments/ams.kid13.out' -> '/scistor/tc/kbi163/threshold_output/workdirs/ethylene/2.0/plams_workdir_ethylene_2.0_15.0/sm_fragments/ams.kid13.out'
'plams_workdir_ethylene_2.0_15.0/sm_fragments/ams.kid4.out' -> '/scistor/tc/kbi163/threshold_output/workdirs/ethylene/2.0/plams_workdir_ethylene_2.0_15.0/sm_fragments/ams.kid4.out'
'plams_workdir_ethylene_2.0_15.0/sm_fragments/ams.kid14.out' -> '/scistor/tc/kbi163/threshold_output/workdirs/ethylene/2.0/plams_workdir_ethylene_2.0_15.0/sm_fragments/ams.kid14.out'
'plams_workdir_ethylene_2.0_15.0/sm_fragments/ams.kid29.out' -> '/scistor/tc/kbi163/threshold_output/workdirs/ethylene/2.0/plams_workdir_ethylene_2.0_15.0/sm_fragments/ams.kid29.out'
'plams_workdir_ethylene_2.0_15.0/sm_fragments/ams.kid30.out' -> '/scistor/tc/kbi163/threshold_output/workdirs/ethylene/2.0/plams_workdir_ethylene_2.0_15.0/sm_fragments/ams.kid30.out'
'plams_workdir_ethylene_2.0_15.0/sm_fragments/ams.kid31.out' -> '/scistor/tc/kbi163/threshold_output/workdirs/ethylene/2.0/plams_workdir_ethylene_2.0_15.0/sm_fragments/ams.kid31.out'
'plams_workdir_ethylene_2.0_15.0/sm_fragments/ams.kid27.out' -> '/scistor/tc/kbi163/threshold_output/workdirs/ethylene/2.0/plams_workdir_ethylene_2.0_15.0/sm_fragments/ams.kid27.out'
'plams_workdir_ethylene_2.0_15.0/sm_fragments/ams.kid5.out' -> '/scistor/tc/kbi163/threshold_output/workdirs/ethylene/2.0/plams_workdir_ethylene_2.0_15.0/sm_fragments/ams.kid5.out'
'plams_workdir_ethylene_2.0_15.0/sm_fragments/ams.log' -> '/scistor/tc/kbi163/threshold_output/workdirs/ethylene/2.0/plams_workdir_ethylene_2.0_15.0/sm_fragments/ams.log'
'plams_workdir_ethylene_2.0_15.0/sm_fragments/ams.rkf' -> '/scistor/tc/kbi163/threshold_output/workdirs/ethylene/2.0/plams_workdir_ethylene_2.0_15.0/sm_fragments/ams.rkf'
'plams_workdir_ethylene_2.0_15.0/sm_fragments/ams.kid20.out' -> '/scistor/tc/kbi163/threshold_output/workdirs/ethylene/2.0/plams_workdir_ethylene_2.0_15.0/sm_fragments/ams.kid20.out'
'plams_workdir_ethylene_2.0_15.0/sm_fragments/ams.kid8.out' -> '/scistor/tc/kbi163/threshold_output/workdirs/ethylene/2.0/plams_workdir_ethylene_2.0_15.0/sm_fragments/ams.kid8.out'
'plams_workdir_ethylene_2.0_15.0/sm_fragments/ams.kid21.out' -> '/scistor/tc/kbi163/threshold_output/workdirs/ethylene/2.0/plams_workdir_ethylene_2.0_15.0/sm_fragments/ams.kid21.out'
'plams_workdir_ethylene_2.0_15.0/sm_fragments/ams.kid15.out' -> '/scistor/tc/kbi163/threshold_output/workdirs/ethylene/2.0/plams_workdir_ethylene_2.0_15.0/sm_fragments/ams.kid15.out'
'plams_workdir_ethylene_2.0_15.0/sm_fragments/ams.kid2.out' -> '/scistor/tc/kbi163/threshold_output/workdirs/ethylene/2.0/plams_workdir_ethylene_2.0_15.0/sm_fragments/ams.kid2.out'
