/scratch/1045700
'/scistor/tc/kbi163/threshold_variation/run_cluster_christine/tv_christine.py' -> '/scratch/1045700/tv_christine.py'
'/scistor/tc/kbi163/threshold_variation/geometry' -> '/scratch/1045700/geometry'
'/scistor/tc/kbi163/threshold_variation/geometry/benzene.xyz' -> '/scratch/1045700/geometry/benzene.xyz'
'/scistor/tc/kbi163/threshold_variation/geometry/ethylene.xyz' -> '/scratch/1045700/geometry/ethylene.xyz'
'/scistor/tc/kbi163/threshold_variation/geometry/pyridine.xyz' -> '/scratch/1045700/geometry/pyridine.xyz'
PLAMS working folder: /scratch/1045700/plams_workdir
  Atoms: 
    1         C       0.654135       0.126134       0.030228
    2         C      -0.654135      -0.126134      -0.030228
    3         H      -1.395752       0.666556       0.086105
    4         H       1.035161       1.135297       0.198437
    5         H       1.395752      -0.666556      -0.086105
    6         H      -1.035161      -1.135297      -0.198437

[07.06|21:50:35] JOB fragment_1 STARTED
[07.06|21:50:35] JOB fragment_1 RUNNING
[07.06|21:52:18] JOB fragment_1 FINISHED
[07.06|21:52:18] JOB fragment_1 SUCCESSFUL
[07.06|21:52:18] JOB frag2_3.00 STARTED
[07.06|21:52:18] JOB frag2_3.00 RUNNING
[07.06|21:54:09] JOB frag2_3.00 FINISHED
[07.06|21:54:09] JOB frag2_3.00 SUCCESSFUL
  Atoms: 
    1         C       0.654135       0.126134       0.030228
    2         C      -0.654135      -0.126134      -0.030228
    3         H      -1.395752       0.666556       0.086105
    4         H       1.035161       1.135297       0.198437
    5         H       1.395752      -0.666556      -0.086105
    6         H      -1.035161      -1.135297      -0.198437
    7         C       3.654135      -0.126134      -0.030228
    8         C       2.345865       0.126134       0.030228
    9         H       1.604248      -0.666556      -0.086105
   10         H       4.035161      -1.135297      -0.198437
   11         H       4.395752       0.666556       0.086105
   12         H       1.964839       1.135297       0.198437

[07.06|21:54:09] JOB sm_fragments STARTED
[07.06|21:54:09] JOB sm_fragments RUNNING
